[36m[2023-10-11T13:55:18+07:00][INFO][initialize database mysql...]
[36m[2023-10-11T13:55:18+07:00][INFO][initialize routes...]
[36m[2023-10-11T13:57:23+07:00][INFO][initialize database mysql...]
[36m[2023-10-11T13:57:23+07:00][INFO][initialize routes...]
[36m[2023-10-11T13:57:31+07:00][INFO][Function][command[37m:"UC-CREATE-COBA-SATU"[36m][details[37m:{"activity":"Create coba satu process...","activityID":null,"data":null}[36m]
[36m[2023-10-11T13:57:31+07:00][INFO][Function][command[37m:"SVC-CREATE-COBA-SATU"[36m][details[37m:{"activity":"Create coba satu process...","activityID":null,"data":null}[36m]
[36m[2023-10-11T13:57:31+07:00][INFO][Function][command[37m:"REPO-BEGIN-TRANSACTION"[36m][details[37m:{"activity":"Begin transaction process...","activityID":null,"data":null}[36m]
[36m[2023-10-11T13:57:31+07:00][INFO][Function][command[37m:"SVC-CREATE-COBA-SATU"[36m][details[37m:{"activity":"Data create coba satu","activityID":null,"data":{"Age":11,"IsActive":true,"Name":"Muruyung","StartDate":"2023-10-11T03:06:12+07:00"}}[36m]
[36m[2023-10-11T13:57:31+07:00][INFO][Function][command[37m:"REPO-SAVE-COBA-SATU"[36m][details[37m:{"activity":"Save coba satu process...","activityID":null,"data":null}[36m]
[36m[2023-10-11T13:57:31+07:00][INFO][Function][command[37m:"REPO-SAVE-COBA-SATU"[36m][details[37m:{"activity":"Save coba satu success","activityID":null,"data":null}[36m]
[36m[2023-10-11T13:57:31+07:00][INFO][Function][command[37m:"REPO-SAVE-COBA-DUA"[36m][details[37m:{"activity":"Save coba dua process...","activityID":null,"data":null}[36m]
[36m[2023-10-11T13:57:31+07:00][INFO][Function][command[37m:"REPO-SAVE-COBA-DUA"[36m][details[37m:{"activity":"Save coba dua success","activityID":null,"data":null}[36m]
[36m[2023-10-11T13:57:31+07:00][INFO][Function][command[37m:"REPO-BEGIN-TRANSACTION"[36m][details[37m:{"activity":"Transaction commit process...","activityID":null,"data":null}[36m]
[36m[2023-10-11T13:57:31+07:00][INFO][Function][command[37m:"REPO-BEGIN-TRANSACTION"[36m][details[37m:{"activity":"Transaction commit success","activityID":null,"data":null}[36m]
[36m[2023-10-11T13:57:31+07:00][INFO][Function][command[37m:"SVC-CREATE-COBA-SATU"[36m][details[37m:{"activity":"Create coba satu success","activityID":null,"data":null}[36m]
[36m[2023-10-11T13:57:31+07:00][INFO][Function][command[37m:"UC-CREATE-COBA-SATU"[36m][details[37m:{"activity":"Create coba satu success","activityID":null,"data":null}[36m]
[36m[2023-10-11T14:00:17+07:00][INFO][initialize database mysql...]
[36m[2023-10-11T14:00:17+07:00][INFO][initialize routes...]
[36m[2023-10-11T14:00:27+07:00][INFO][Function][command[37m:"UC-CREATE-COBA-SATU"[36m][details[37m:{"activity":"Create coba satu process...","activityID":"584d134c-719b-42b0-8ac5-c6a4d2cd4363","data":null}[36m]
[36m[2023-10-11T14:00:27+07:00][INFO][Function][command[37m:"SVC-CREATE-COBA-SATU"[36m][details[37m:{"activity":"Create coba satu process...","activityID":"584d134c-719b-42b0-8ac5-c6a4d2cd4363","data":null}[36m]
[36m[2023-10-11T14:00:27+07:00][INFO][Function][command[37m:"REPO-BEGIN-TRANSACTION"[36m][details[37m:{"activity":"Begin transaction process...","activityID":"584d134c-719b-42b0-8ac5-c6a4d2cd4363","data":null}[36m]
[36m[2023-10-11T14:00:27+07:00][INFO][Function][command[37m:"SVC-CREATE-COBA-SATU"[36m][details[37m:{"activity":"Data create coba satu","activityID":"584d134c-719b-42b0-8ac5-c6a4d2cd4363","data":{"Age":11,"IsActive":true,"Name":"Muruyung","StartDate":"2023-10-11T03:06:12+07:00"}}[36m]
[36m[2023-10-11T14:00:27+07:00][INFO][Function][command[37m:"REPO-SAVE-COBA-SATU"[36m][details[37m:{"activity":"Save coba satu process...","activityID":"584d134c-719b-42b0-8ac5-c6a4d2cd4363","data":null}[36m]
[36m[2023-10-11T14:00:27+07:00][INFO][Function][command[37m:"REPO-SAVE-COBA-SATU"[36m][details[37m:{"activity":"Save coba satu success","activityID":"584d134c-719b-42b0-8ac5-c6a4d2cd4363","data":null}[36m]
[36m[2023-10-11T14:00:27+07:00][INFO][Function][command[37m:"REPO-SAVE-COBA-DUA"[36m][details[37m:{"activity":"Save coba dua process...","activityID":"584d134c-719b-42b0-8ac5-c6a4d2cd4363","data":null}[36m]
[36m[2023-10-11T14:00:27+07:00][INFO][Function][command[37m:"REPO-SAVE-COBA-DUA"[36m][details[37m:{"activity":"Save coba dua success","activityID":"584d134c-719b-42b0-8ac5-c6a4d2cd4363","data":null}[36m]
[36m[2023-10-11T14:00:27+07:00][INFO][Function][command[37m:"REPO-BEGIN-TRANSACTION"[36m][details[37m:{"activity":"Transaction commit process...","activityID":"584d134c-719b-42b0-8ac5-c6a4d2cd4363","data":null}[36m]
[36m[2023-10-11T14:00:27+07:00][INFO][Function][command[37m:"REPO-BEGIN-TRANSACTION"[36m][details[37m:{"activity":"Transaction commit success","activityID":"584d134c-719b-42b0-8ac5-c6a4d2cd4363","data":null}[36m]
[36m[2023-10-11T14:00:27+07:00][INFO][Function][command[37m:"SVC-CREATE-COBA-SATU"[36m][details[37m:{"activity":"Create coba satu success","activityID":"584d134c-719b-42b0-8ac5-c6a4d2cd4363","data":null}[36m]
[36m[2023-10-11T14:00:27+07:00][INFO][Function][command[37m:"UC-CREATE-COBA-SATU"[36m][details[37m:{"activity":"Create coba satu success","activityID":"584d134c-719b-42b0-8ac5-c6a4d2cd4363","data":null}[36m]
[36m[2023-10-11T14:00:58+07:00][INFO][Function][command[37m:"UC-CREATE-COBA-SATU"[36m][details[37m:{"activity":"Create coba satu process...","activityID":"4588d882-5c19-4c7a-b4d3-47ccbb5ca0f2","data":null}[36m]
[36m[2023-10-11T14:00:58+07:00][INFO][Function][command[37m:"SVC-CREATE-COBA-SATU"[36m][details[37m:{"activity":"Create coba satu process...","activityID":"4588d882-5c19-4c7a-b4d3-47ccbb5ca0f2","data":null}[36m]
[36m[2023-10-11T14:00:58+07:00][INFO][Function][command[37m:"REPO-BEGIN-TRANSACTION"[36m][details[37m:{"activity":"Begin transaction process...","activityID":"4588d882-5c19-4c7a-b4d3-47ccbb5ca0f2","data":null}[36m]
[36m[2023-10-11T14:00:58+07:00][INFO][Function][command[37m:"SVC-CREATE-COBA-SATU"[36m][details[37m:{"activity":"Data create coba satu","activityID":"4588d882-5c19-4c7a-b4d3-47ccbb5ca0f2","data":{"Age":-10,"IsActive":true,"Name":"Muruyung","StartDate":"2023-10-11T03:06:12+07:00"}}[36m]
[36m[2023-10-11T14:00:58+07:00][INFO][Function][command[37m:"REPO-SAVE-COBA-SATU"[36m][details[37m:{"activity":"Save coba satu process...","activityID":"4588d882-5c19-4c7a-b4d3-47ccbb5ca0f2","data":null}[36m]
[36m[2023-10-11T14:00:58+07:00][INFO][Function][command[37m:"REPO-SAVE-COBA-SATU"[36m][details[37m:{"activity":"Save coba satu success","activityID":"4588d882-5c19-4c7a-b4d3-47ccbb5ca0f2","data":null}[36m]
[36m[2023-10-11T14:00:58+07:00][INFO][Function][command[37m:"REPO-SAVE-COBA-DUA"[36m][details[37m:{"activity":"Save coba dua process...","activityID":"4588d882-5c19-4c7a-b4d3-47ccbb5ca0f2","data":null}[36m]
[36m[2023-10-11T14:00:58+07:00][INFO][Function][command[37m:"REPO-SAVE-COBA-DUA"[36m][details[37m:{"activity":"Save coba dua success","activityID":"4588d882-5c19-4c7a-b4d3-47ccbb5ca0f2","data":null}[36m]
[36m[2023-10-11T14:00:58+07:00][INFO][Function][command[37m:"REPO-BEGIN-TRANSACTION"[36m][details[37m:{"activity":"Transaction commit process...","activityID":"4588d882-5c19-4c7a-b4d3-47ccbb5ca0f2","data":null}[36m]
[36m[2023-10-11T14:00:58+07:00][INFO][Function][command[37m:"REPO-BEGIN-TRANSACTION"[36m][details[37m:{"activity":"Transaction commit success","activityID":"4588d882-5c19-4c7a-b4d3-47ccbb5ca0f2","data":null}[36m]
[36m[2023-10-11T14:00:58+07:00][INFO][Function][command[37m:"SVC-CREATE-COBA-SATU"[36m][details[37m:{"activity":"Create coba satu success","activityID":"4588d882-5c19-4c7a-b4d3-47ccbb5ca0f2","data":null}[36m]
[36m[2023-10-11T14:00:58+07:00][INFO][Function][command[37m:"UC-CREATE-COBA-SATU"[36m][details[37m:{"activity":"Create coba satu success","activityID":"4588d882-5c19-4c7a-b4d3-47ccbb5ca0f2","data":null}[36m]
