[36m[2023-10-17T21:36:24+07:00][INFO][initialize database mysql...]
[36m[2023-10-17T21:36:24+07:00][INFO][initialize routes...]
[36m[2023-10-17T21:38:11+07:00][INFO][initialize database mysql...]
[36m[2023-10-17T21:38:11+07:00][INFO][initialize routes...]
[36m[2023-10-17T21:38:13+07:00][INFO][Function][command[37m:"UC-CREATE-COBA-AJA"[36m][details[37m:{"activity":"Create coba aja process...","activityID":"97b4ba42-b80e-4fef-a11f-f3fb56eb2942","data":null}[36m]
[36m[2023-10-17T21:38:13+07:00][INFO][Function][command[37m:"REPO-BEGIN-TRANSACTION"[36m][details[37m:{"activity":"Begin transaction process...","activityID":"97b4ba42-b80e-4fef-a11f-f3fb56eb2942","data":null}[36m]
[36m[2023-10-17T21:39:40+07:00][INFO][initialize database mysql...]
[36m[2023-10-17T21:39:40+07:00][INFO][initialize routes...]
[36m[2023-10-17T21:39:42+07:00][INFO][Function][command[37m:"UC-CREATE-COBA-AJA"[36m][details[37m:{"activity":"Create coba aja process...","activityID":"64296ea8-1375-48a3-bcf1-48638fa99d35","data":null}[36m]
[36m[2023-10-17T21:39:42+07:00][INFO][Function][command[37m:"REPO-BEGIN-TRANSACTION"[36m][details[37m:{"activity":"Begin transaction process...","activityID":"64296ea8-1375-48a3-bcf1-48638fa99d35","data":null}[36m]
[36m[2023-10-17T21:39:42+07:00][INFO][Function][command[37m:"SVC-CREATE-COBA-SATU"[36m][details[37m:{"activity":"Create coba satu process...","activityID":"64296ea8-1375-48a3-bcf1-48638fa99d35","data":null}[36m]
[36m[2023-10-17T21:39:42+07:00][INFO][Function][command[37m:"REPO-BEGIN-TRANSACTION"[36m][details[37m:{"activity":"Begin transaction process...","activityID":"64296ea8-1375-48a3-bcf1-48638fa99d35","data":null}[36m]
[36m[2023-10-17T21:39:42+07:00][INFO][Function][command[37m:"SVC-CREATE-COBA-SATU"[36m][details[37m:{"activity":"Data create coba satu","activityID":"64296ea8-1375-48a3-bcf1-48638fa99d35","data":{"Age":10,"IsActive":true,"Name":"Muruyung","StartDate":"2023-10-11T03:06:12+07:00"}}[36m]
[36m[2023-10-17T21:39:42+07:00][INFO][Function][command[37m:"REPO-SAVE-COBA-SATU"[36m][details[37m:{"activity":"Save coba satu process...","activityID":"64296ea8-1375-48a3-bcf1-48638fa99d35","data":null}[36m]
[36m[2023-10-17T21:39:42+07:00][INFO][Function][command[37m:"REPO-SAVE-COBA-SATU"[36m][details[37m:{"activity":"Save coba satu success","activityID":"64296ea8-1375-48a3-bcf1-48638fa99d35","data":null}[36m]
[36m[2023-10-17T21:39:42+07:00][INFO][Function][command[37m:"REPO-BEGIN-TRANSACTION"[36m][details[37m:{"activity":"Transaction commit process...","activityID":"64296ea8-1375-48a3-bcf1-48638fa99d35","data":null}[36m]
[36m[2023-10-17T21:39:42+07:00][INFO][Function][command[37m:"REPO-BEGIN-TRANSACTION"[36m][details[37m:{"activity":"Transaction commit success","activityID":"64296ea8-1375-48a3-bcf1-48638fa99d35","data":null}[36m]
[36m[2023-10-17T21:39:42+07:00][INFO][Function][command[37m:"SVC-CREATE-COBA-SATU"[36m][details[37m:{"activity":"Create coba satu success","activityID":"64296ea8-1375-48a3-bcf1-48638fa99d35","data":null}[36m]
[36m[2023-10-17T21:39:42+07:00][INFO][Function][command[37m:"SVC-CREATE-COBA-DUA"[36m][details[37m:{"activity":"Create coba dua process...","activityID":"64296ea8-1375-48a3-bcf1-48638fa99d35","data":null}[36m]
[36m[2023-10-17T21:39:42+07:00][INFO][Function][command[37m:"REPO-SAVE-COBA-DUA"[36m][details[37m:{"activity":"Save coba dua process...","activityID":"64296ea8-1375-48a3-bcf1-48638fa99d35","data":null}[36m]
[36m[2023-10-17T21:41:52+07:00][INFO][initialize database mysql...]
[36m[2023-10-17T21:41:52+07:00][INFO][initialize routes...]
[36m[2023-10-17T21:41:58+07:00][INFO][Function][command[37m:"UC-CREATE-COBA-AJA"[36m][details[37m:{"activity":"Create coba aja process...","activityID":"7c324cf6-8c8b-487c-92c1-c5f31669da68","data":null}[36m]
[36m[2023-10-17T21:41:58+07:00][INFO][Function][command[37m:"REPO-BEGIN-TRANSACTION"[36m][details[37m:{"activity":"Begin transaction process...","activityID":"7c324cf6-8c8b-487c-92c1-c5f31669da68","data":null}[36m]
[36m[2023-10-17T21:41:58+07:00][INFO][Function][command[37m:"SVC-CREATE-COBA-SATU"[36m][details[37m:{"activity":"Create coba satu process...","activityID":"7c324cf6-8c8b-487c-92c1-c5f31669da68","data":null}[36m]
[36m[2023-10-17T21:41:58+07:00][INFO][Function][command[37m:"REPO-BEGIN-TRANSACTION"[36m][details[37m:{"activity":"Begin transaction process...","activityID":"7c324cf6-8c8b-487c-92c1-c5f31669da68","data":null}[36m]
[36m[2023-10-17T21:41:58+07:00][INFO][Function][command[37m:"SVC-CREATE-COBA-SATU"[36m][details[37m:{"activity":"Data create coba satu","activityID":"7c324cf6-8c8b-487c-92c1-c5f31669da68","data":{"Age":10,"IsActive":true,"Name":"Muruyung","StartDate":"2023-10-11T03:06:12+07:00"}}[36m]
[36m[2023-10-17T21:41:58+07:00][INFO][Function][command[37m:"REPO-SAVE-COBA-SATU"[36m][details[37m:{"activity":"Save coba satu process...","activityID":"7c324cf6-8c8b-487c-92c1-c5f31669da68","data":null}[36m]
[36m[2023-10-17T21:41:58+07:00][INFO][Function][command[37m:"REPO-SAVE-COBA-SATU"[36m][details[37m:{"activity":"Save coba satu success","activityID":"7c324cf6-8c8b-487c-92c1-c5f31669da68","data":null}[36m]
[36m[2023-10-17T21:41:58+07:00][INFO][Function][command[37m:"REPO-BEGIN-TRANSACTION"[36m][details[37m:{"activity":"Transaction commit process...","activityID":"7c324cf6-8c8b-487c-92c1-c5f31669da68","data":null}[36m]
[36m[2023-10-17T21:41:58+07:00][INFO][Function][command[37m:"REPO-BEGIN-TRANSACTION"[36m][details[37m:{"activity":"Transaction commit success","activityID":"7c324cf6-8c8b-487c-92c1-c5f31669da68","data":null}[36m]
[36m[2023-10-17T21:41:58+07:00][INFO][Function][command[37m:"SVC-CREATE-COBA-SATU"[36m][details[37m:{"activity":"Create coba satu success","activityID":"7c324cf6-8c8b-487c-92c1-c5f31669da68","data":null}[36m]
[36m[2023-10-17T21:41:58+07:00][INFO][Function][command[37m:"SVC-CREATE-COBA-DUA"[36m][details[37m:{"activity":"Create coba dua process...","activityID":"7c324cf6-8c8b-487c-92c1-c5f31669da68","data":null}[36m]
[36m[2023-10-17T21:41:58+07:00][INFO][Function][command[37m:"REPO-SAVE-COBA-DUA"[36m][details[37m:{"activity":"Save coba dua process...","activityID":"7c324cf6-8c8b-487c-92c1-c5f31669da68","data":null}[36m]
[36m[2023-10-17T21:49:52+07:00][INFO][initialize database mysql...]
[36m[2023-10-17T21:49:52+07:00][INFO][initialize routes...]
[36m[2023-10-17T21:49:54+07:00][INFO][Function][command[37m:"UC-CREATE-COBA-AJA"[36m][details[37m:{"activity":"Create coba aja process...","activityID":"cc309b85-27a1-44e7-86f5-de911aaffe1f","data":null}[36m]
[36m[2023-10-17T21:49:54+07:00][INFO][Function][command[37m:"REPO-BEGIN-TRANSACTION"[36m][details[37m:{"activity":"Begin transaction process...","activityID":"cc309b85-27a1-44e7-86f5-de911aaffe1f","data":null}[36m]
[36m[2023-10-17T21:49:54+07:00][INFO][Function][command[37m:"SVC-CREATE-COBA-SATU"[36m][details[37m:{"activity":"Create coba satu process...","activityID":"cc309b85-27a1-44e7-86f5-de911aaffe1f","data":null}[36m]
[36m[2023-10-17T21:49:54+07:00][INFO][Function][command[37m:"REPO-BEGIN-TRANSACTION"[36m][details[37m:{"activity":"Begin transaction process...","activityID":"cc309b85-27a1-44e7-86f5-de911aaffe1f","data":null}[36m]
[36m[2023-10-17T21:49:54+07:00][INFO][Function][command[37m:"SVC-CREATE-COBA-SATU"[36m][details[37m:{"activity":"Data create coba satu","activityID":"cc309b85-27a1-44e7-86f5-de911aaffe1f","data":{"Age":10,"IsActive":true,"Name":"Muruyung","StartDate":"2023-10-11T03:06:12+07:00"}}[36m]
[36m[2023-10-17T21:49:54+07:00][INFO][Function][command[37m:"REPO-SAVE-COBA-SATU"[36m][details[37m:{"activity":"Save coba satu process...","activityID":"cc309b85-27a1-44e7-86f5-de911aaffe1f","data":null}[36m]
[36m[2023-10-17T21:49:54+07:00][INFO][Function][command[37m:"REPO-SAVE-COBA-SATU"[36m][details[37m:{"activity":"Save coba satu success","activityID":"cc309b85-27a1-44e7-86f5-de911aaffe1f","data":null}[36m]
[36m[2023-10-17T21:49:54+07:00][INFO][Function][command[37m:"REPO-BEGIN-TRANSACTION"[36m][details[37m:{"activity":"Transaction commit process...","activityID":"cc309b85-27a1-44e7-86f5-de911aaffe1f","data":null}[36m]
[36m[2023-10-17T21:49:54+07:00][INFO][Function][command[37m:"REPO-BEGIN-TRANSACTION"[36m][details[37m:{"activity":"Transaction commit success","activityID":"cc309b85-27a1-44e7-86f5-de911aaffe1f","data":null}[36m]
[36m[2023-10-17T21:49:54+07:00][INFO][Function][command[37m:"SVC-CREATE-COBA-SATU"[36m][details[37m:{"activity":"Create coba satu success","activityID":"cc309b85-27a1-44e7-86f5-de911aaffe1f","data":null}[36m]
[36m[2023-10-17T21:49:54+07:00][INFO][Function][command[37m:"SVC-CREATE-COBA-DUA"[36m][details[37m:{"activity":"Create coba dua process...","activityID":"cc309b85-27a1-44e7-86f5-de911aaffe1f","data":null}[36m]
[36m[2023-10-17T21:49:54+07:00][INFO][Function][command[37m:"REPO-SAVE-COBA-DUA"[36m][details[37m:{"activity":"Save coba dua process...","activityID":"cc309b85-27a1-44e7-86f5-de911aaffe1f","data":null}[36m]
[36m[2023-10-17T21:51:06+07:00][INFO][initialize database mysql...]
[36m[2023-10-17T21:51:06+07:00][INFO][initialize routes...]
[36m[2023-10-17T21:51:07+07:00][INFO][Function][command[37m:"UC-CREATE-COBA-AJA"[36m][details[37m:{"activity":"Create coba aja process...","activityID":"6b447b8a-94df-4699-98d7-4db8b90b42b1","data":null}[36m]
[36m[2023-10-17T21:51:07+07:00][INFO][Function][command[37m:"REPO-BEGIN-TRANSACTION"[36m][details[37m:{"activity":"Begin transaction process...","activityID":"6b447b8a-94df-4699-98d7-4db8b90b42b1","data":null}[36m]
[36m[2023-10-17T21:51:07+07:00][INFO][Function][command[37m:"SVC-CREATE-COBA-SATU"[36m][details[37m:{"activity":"Create coba satu process...","activityID":"6b447b8a-94df-4699-98d7-4db8b90b42b1","data":null}[36m]
[36m[2023-10-17T21:51:07+07:00][INFO][Function][command[37m:"REPO-BEGIN-TRANSACTION"[36m][details[37m:{"activity":"Begin transaction process...","activityID":"6b447b8a-94df-4699-98d7-4db8b90b42b1","data":null}[36m]
[36m[2023-10-17T21:51:07+07:00][INFO][Function][command[37m:"SVC-CREATE-COBA-SATU"[36m][details[37m:{"activity":"Data create coba satu","activityID":"6b447b8a-94df-4699-98d7-4db8b90b42b1","data":{"Age":10,"IsActive":true,"Name":"Muruyung","StartDate":"2023-10-11T03:06:12+07:00"}}[36m]
[36m[2023-10-17T21:51:07+07:00][INFO][Function][command[37m:"REPO-SAVE-COBA-SATU"[36m][details[37m:{"activity":"Save coba satu process...","activityID":"6b447b8a-94df-4699-98d7-4db8b90b42b1","data":null}[36m]
[36m[2023-10-17T21:51:07+07:00][INFO][Function][command[37m:"REPO-SAVE-COBA-SATU"[36m][details[37m:{"activity":"Save coba satu success","activityID":"6b447b8a-94df-4699-98d7-4db8b90b42b1","data":null}[36m]
[36m[2023-10-17T21:51:07+07:00][INFO][Function][command[37m:"REPO-BEGIN-TRANSACTION"[36m][details[37m:{"activity":"Transaction commit process...","activityID":"6b447b8a-94df-4699-98d7-4db8b90b42b1","data":null}[36m]
[36m[2023-10-17T21:51:07+07:00][INFO][Function][command[37m:"REPO-BEGIN-TRANSACTION"[36m][details[37m:{"activity":"Transaction commit success","activityID":"6b447b8a-94df-4699-98d7-4db8b90b42b1","data":null}[36m]
[36m[2023-10-17T21:51:07+07:00][INFO][Function][command[37m:"SVC-CREATE-COBA-SATU"[36m][details[37m:{"activity":"Create coba satu success","activityID":"6b447b8a-94df-4699-98d7-4db8b90b42b1","data":null}[36m]
[36m[2023-10-17T21:51:07+07:00][INFO][Function][command[37m:"SVC-CREATE-COBA-DUA"[36m][details[37m:{"activity":"Create coba dua process...","activityID":"6b447b8a-94df-4699-98d7-4db8b90b42b1","data":null}[36m]
[36m[2023-10-17T21:51:07+07:00][INFO][Function][command[37m:"REPO-SAVE-COBA-DUA"[36m][details[37m:{"activity":"Save coba dua process...","activityID":"6b447b8a-94df-4699-98d7-4db8b90b42b1","data":null}[36m]
[36m[2023-10-17T21:55:37+07:00][INFO][initialize database mysql...]
[36m[2023-10-17T21:55:37+07:00][INFO][initialize routes...]
[36m[2023-10-17T21:55:38+07:00][INFO][Function][command[37m:"UC-CREATE-COBA-AJA"[36m][details[37m:{"activity":"Create coba aja process...","activityID":"8fd9d929-dc1f-47b2-8c18-bd046f88a98a","data":null}[36m]
[36m[2023-10-17T21:55:38+07:00][INFO][Function][command[37m:"REPO-BEGIN-TRANSACTION"[36m][details[37m:{"activity":"Begin transaction process...","activityID":"8fd9d929-dc1f-47b2-8c18-bd046f88a98a","data":null}[36m]
[36m[2023-10-17T21:55:38+07:00][INFO][Function][command[37m:"SVC-CREATE-COBA-SATU"[36m][details[37m:{"activity":"Create coba satu process...","activityID":"8fd9d929-dc1f-47b2-8c18-bd046f88a98a","data":null}[36m]
[36m[2023-10-17T21:55:38+07:00][INFO][Function][command[37m:"REPO-BEGIN-TRANSACTION"[36m][details[37m:{"activity":"Begin transaction process...","activityID":"8fd9d929-dc1f-47b2-8c18-bd046f88a98a","data":null}[36m]
[36m[2023-10-17T21:55:38+07:00][INFO][Function][command[37m:"SVC-CREATE-COBA-SATU"[36m][details[37m:{"activity":"Data create coba satu","activityID":"8fd9d929-dc1f-47b2-8c18-bd046f88a98a","data":{"Age":10,"IsActive":true,"Name":"Muruyung","StartDate":"2023-10-11T03:06:12+07:00"}}[36m]
[36m[2023-10-17T21:55:38+07:00][INFO][Function][command[37m:"REPO-SAVE-COBA-SATU"[36m][details[37m:{"activity":"Save coba satu process...","activityID":"8fd9d929-dc1f-47b2-8c18-bd046f88a98a","data":null}[36m]
[36m[2023-10-17T21:55:38+07:00][INFO][Function][command[37m:"REPO-SAVE-COBA-SATU"[36m][details[37m:{"activity":"Save coba satu success","activityID":"8fd9d929-dc1f-47b2-8c18-bd046f88a98a","data":null}[36m]
[36m[2023-10-17T21:55:38+07:00][INFO][Function][command[37m:"REPO-BEGIN-TRANSACTION"[36m][details[37m:{"activity":"Transaction commit process...","activityID":"8fd9d929-dc1f-47b2-8c18-bd046f88a98a","data":null}[36m]
[36m[2023-10-17T21:55:38+07:00][INFO][Function][command[37m:"REPO-BEGIN-TRANSACTION"[36m][details[37m:{"activity":"Transaction commit success","activityID":"8fd9d929-dc1f-47b2-8c18-bd046f88a98a","data":null}[36m]
[36m[2023-10-17T21:55:38+07:00][INFO][Function][command[37m:"SVC-CREATE-COBA-SATU"[36m][details[37m:{"activity":"Create coba satu success","activityID":"8fd9d929-dc1f-47b2-8c18-bd046f88a98a","data":null}[36m]
[36m[2023-10-17T21:55:38+07:00][INFO][Function][command[37m:"SVC-CREATE-COBA-DUA"[36m][details[37m:{"activity":"Create coba dua process...","activityID":"8fd9d929-dc1f-47b2-8c18-bd046f88a98a","data":null}[36m]
[36m[2023-10-17T21:55:38+07:00][INFO][Function][command[37m:"REPO-SAVE-COBA-DUA"[36m][details[37m:{"activity":"Save coba dua process...","activityID":"8fd9d929-dc1f-47b2-8c18-bd046f88a98a","data":null}[36m]
[36m[2023-10-17T21:57:34+07:00][INFO][initialize database mysql...]
[36m[2023-10-17T21:57:34+07:00][INFO][initialize routes...]
[36m[2023-10-17T21:57:36+07:00][INFO][Function][command[37m:"UC-CREATE-COBA-AJA"[36m][details[37m:{"activity":"Create coba aja process...","activityID":"1d30c8f7-388d-45a8-a2b4-ef1c6b42690e","data":null}[36m]
[36m[2023-10-17T21:57:36+07:00][INFO][Function][command[37m:"REPO-BEGIN-TRANSACTION"[36m][details[37m:{"activity":"Begin transaction process...","activityID":"1d30c8f7-388d-45a8-a2b4-ef1c6b42690e","data":null}[36m]
[36m[2023-10-17T21:57:36+07:00][INFO][Function][command[37m:"SVC-CREATE-COBA-SATU"[36m][details[37m:{"activity":"Create coba satu process...","activityID":"1d30c8f7-388d-45a8-a2b4-ef1c6b42690e","data":null}[36m]
[36m[2023-10-17T21:57:36+07:00][INFO][Function][command[37m:"REPO-BEGIN-TRANSACTION"[36m][details[37m:{"activity":"Begin transaction process...","activityID":"1d30c8f7-388d-45a8-a2b4-ef1c6b42690e","data":null}[36m]
[36m[2023-10-17T21:57:36+07:00][INFO][Function][command[37m:"SVC-CREATE-COBA-SATU"[36m][details[37m:{"activity":"Data create coba satu","activityID":"1d30c8f7-388d-45a8-a2b4-ef1c6b42690e","data":{"Age":10,"IsActive":true,"Name":"Muruyung","StartDate":"2023-10-11T03:06:12+07:00"}}[36m]
[36m[2023-10-17T21:57:36+07:00][INFO][Function][command[37m:"REPO-SAVE-COBA-SATU"[36m][details[37m:{"activity":"Save coba satu process...","activityID":"1d30c8f7-388d-45a8-a2b4-ef1c6b42690e","data":null}[36m]
[36m[2023-10-17T21:57:36+07:00][INFO][Function][command[37m:"REPO-SAVE-COBA-SATU"[36m][details[37m:{"activity":"Save coba satu success","activityID":"1d30c8f7-388d-45a8-a2b4-ef1c6b42690e","data":null}[36m]
[36m[2023-10-17T21:57:36+07:00][INFO][Function][command[37m:"REPO-BEGIN-TRANSACTION"[36m][details[37m:{"activity":"Transaction commit process...","activityID":"1d30c8f7-388d-45a8-a2b4-ef1c6b42690e","data":null}[36m]
[36m[2023-10-17T21:57:36+07:00][INFO][Function][command[37m:"REPO-BEGIN-TRANSACTION"[36m][details[37m:{"activity":"Transaction commit success","activityID":"1d30c8f7-388d-45a8-a2b4-ef1c6b42690e","data":null}[36m]
[36m[2023-10-17T21:57:36+07:00][INFO][Function][command[37m:"SVC-CREATE-COBA-SATU"[36m][details[37m:{"activity":"Create coba satu success","activityID":"1d30c8f7-388d-45a8-a2b4-ef1c6b42690e","data":null}[36m]
[36m[2023-10-17T21:57:36+07:00][INFO][Function][command[37m:"SVC-CREATE-COBA-DUA"[36m][details[37m:{"activity":"Create coba dua process...","activityID":"1d30c8f7-388d-45a8-a2b4-ef1c6b42690e","data":null}[36m]
[36m[2023-10-17T21:57:36+07:00][INFO][Function][command[37m:"REPO-SAVE-COBA-DUA"[36m][details[37m:{"activity":"Save coba dua process...","activityID":"1d30c8f7-388d-45a8-a2b4-ef1c6b42690e","data":null}[36m]
[36m[2023-10-17T21:59:03+07:00][INFO][initialize database mysql...]
[36m[2023-10-17T21:59:03+07:00][INFO][initialize routes...]
[36m[2023-10-17T22:23:12+07:00][INFO][Function][command[37m:"UC-CREATE-COBA-AJA"[36m][details[37m:{"activity":"Create coba aja process...","activityID":"921ec874-3901-43f3-b16f-f77225c86b9a","data":null}[36m]
[36m[2023-10-17T22:23:12+07:00][INFO][Function][command[37m:"REPO-BEGIN-TRANSACTION"[36m][details[37m:{"activity":"Begin transaction process...","activityID":"921ec874-3901-43f3-b16f-f77225c86b9a","data":null}[36m]
[36m[2023-10-17T22:23:12+07:00][INFO][Function][command[37m:"SVC-CREATE-COBA-SATU"[36m][details[37m:{"activity":"Create coba satu process...","activityID":"921ec874-3901-43f3-b16f-f77225c86b9a","data":null}[36m]
[36m[2023-10-17T22:27:23+07:00][INFO][initialize database mysql...]
[36m[2023-10-17T22:27:23+07:00][INFO][initialize routes...]
[36m[2023-10-17T22:27:26+07:00][INFO][Function][command[37m:"UC-CREATE-COBA-AJA"[36m][details[37m:{"activity":"Create coba aja process...","activityID":"8ee92db1-cbea-42b4-aa2e-817233daacbf","data":null}[36m]
[36m[2023-10-17T22:27:26+07:00][INFO][Function][command[37m:"REPO-BEGIN-TRANSACTION"[36m][details[37m:{"activity":"Begin transaction process...","activityID":"8ee92db1-cbea-42b4-aa2e-817233daacbf","data":null}[36m]
[36m[2023-10-17T22:27:26+07:00][INFO][Function][command[37m:"SVC-CREATE-COBA-SATU"[36m][details[37m:{"activity":"Create coba satu process...","activityID":"8ee92db1-cbea-42b4-aa2e-817233daacbf","data":null}[36m]
[36m[2023-10-17T22:27:26+07:00][INFO][Function][command[37m:"REPO-BEGIN-TRANSACTION"[36m][details[37m:{"activity":"Begin transaction process...","activityID":"8ee92db1-cbea-42b4-aa2e-817233daacbf","data":null}[36m]
[36m[2023-10-17T22:27:26+07:00][INFO][Function][command[37m:"SVC-CREATE-COBA-SATU"[36m][details[37m:{"activity":"Data create coba satu","activityID":"8ee92db1-cbea-42b4-aa2e-817233daacbf","data":{"Age":10,"IsActive":true,"Name":"Muruyung","StartDate":"2023-10-11T03:06:12+07:00"}}[36m]
[36m[2023-10-17T22:27:26+07:00][INFO][Function][command[37m:"REPO-SAVE-COBA-SATU"[36m][details[37m:{"activity":"Save coba satu process...","activityID":"8ee92db1-cbea-42b4-aa2e-817233daacbf","data":null}[36m]
[36m[2023-10-17T22:27:26+07:00][INFO][Function][command[37m:"REPO-SAVE-COBA-SATU"[36m][details[37m:{"activity":"Save coba satu success","activityID":"8ee92db1-cbea-42b4-aa2e-817233daacbf","data":null}[36m]
[36m[2023-10-17T22:27:26+07:00][INFO][Function][command[37m:"REPO-BEGIN-TRANSACTION"[36m][details[37m:{"activity":"Transaction commit process...","activityID":"8ee92db1-cbea-42b4-aa2e-817233daacbf","data":null}[36m]
[36m[2023-10-17T22:27:26+07:00][INFO][Function][command[37m:"SVC-CREATE-COBA-SATU"[36m][details[37m:{"activity":"Create coba satu success","activityID":"8ee92db1-cbea-42b4-aa2e-817233daacbf","data":null}[36m]
[36m[2023-10-17T22:27:26+07:00][INFO][Function][command[37m:"SVC-CREATE-COBA-DUA"[36m][details[37m:{"activity":"Create coba dua process...","activityID":"8ee92db1-cbea-42b4-aa2e-817233daacbf","data":null}[36m]
[36m[2023-10-17T22:27:26+07:00][INFO][Function][command[37m:"REPO-SAVE-COBA-DUA"[36m][details[37m:{"activity":"Save coba dua process...","activityID":"8ee92db1-cbea-42b4-aa2e-817233daacbf","data":null}[36m]
[36m[2023-10-17T22:27:26+07:00][INFO][Function][command[37m:"REPO-SAVE-COBA-DUA"[36m][details[37m:{"activity":"Save coba dua success","activityID":"8ee92db1-cbea-42b4-aa2e-817233daacbf","data":null}[36m]
[36m[2023-10-17T22:27:26+07:00][INFO][Function][command[37m:"SVC-CREATE-COBA-DUA"[36m][details[37m:{"activity":"Create coba dua success","activityID":"8ee92db1-cbea-42b4-aa2e-817233daacbf","data":null}[36m]
[36m[2023-10-17T22:27:26+07:00][INFO][Function][command[37m:"REPO-BEGIN-TRANSACTION"[36m][details[37m:{"activity":"Transaction commit process...","activityID":"8ee92db1-cbea-42b4-aa2e-817233daacbf","data":null}[36m]
[36m[2023-10-17T22:27:26+07:00][INFO][Function][command[37m:"REPO-BEGIN-TRANSACTION"[36m][details[37m:{"activity":"Transaction commit success","activityID":"8ee92db1-cbea-42b4-aa2e-817233daacbf","data":null}[36m]
[36m[2023-10-17T22:27:26+07:00][INFO][Function][command[37m:"UC-CREATE-COBA-AJA"[36m][details[37m:{"activity":"Create coba aja success","activityID":"8ee92db1-cbea-42b4-aa2e-817233daacbf","data":null}[36m]
[36m[2023-10-17T22:28:42+07:00][INFO][initialize database mysql...]
[36m[2023-10-17T22:28:42+07:00][INFO][initialize routes...]
[36m[2023-10-17T22:28:43+07:00][INFO][Function][command[37m:"UC-CREATE-COBA-AJA"[36m][details[37m:{"activity":"Create coba aja process...","activityID":"eda00637-4248-451b-a5de-d423328f1dc6","data":null}[36m]
[36m[2023-10-17T22:28:43+07:00][INFO][Function][command[37m:"REPO-BEGIN-TRANSACTION"[36m][details[37m:{"activity":"Begin transaction process...","activityID":"eda00637-4248-451b-a5de-d423328f1dc6","data":null}[36m]
[36m[2023-10-17T22:28:43+07:00][INFO][Function][command[37m:"SVC-CREATE-COBA-SATU"[36m][details[37m:{"activity":"Create coba satu process...","activityID":"eda00637-4248-451b-a5de-d423328f1dc6","data":null}[36m]
[36m[2023-10-17T22:28:43+07:00][INFO][Function][command[37m:"REPO-BEGIN-TRANSACTION"[36m][details[37m:{"activity":"Begin transaction process...","activityID":"eda00637-4248-451b-a5de-d423328f1dc6","data":null}[36m]
[36m[2023-10-17T22:28:43+07:00][INFO][Function][command[37m:"SVC-CREATE-COBA-SATU"[36m][details[37m:{"activity":"Data create coba satu","activityID":"eda00637-4248-451b-a5de-d423328f1dc6","data":{"Age":10,"IsActive":true,"Name":"Muruyung","StartDate":"2023-10-11T03:06:12+07:00"}}[36m]
[36m[2023-10-17T22:28:43+07:00][INFO][Function][command[37m:"REPO-SAVE-COBA-SATU"[36m][details[37m:{"activity":"Save coba satu process...","activityID":"eda00637-4248-451b-a5de-d423328f1dc6","data":null}[36m]
[36m[2023-10-17T22:28:43+07:00][INFO][Function][command[37m:"REPO-SAVE-COBA-SATU"[36m][details[37m:{"activity":"Save coba satu success","activityID":"eda00637-4248-451b-a5de-d423328f1dc6","data":null}[36m]
[36m[2023-10-17T22:28:43+07:00][INFO][Function][command[37m:"REPO-BEGIN-TRANSACTION"[36m][details[37m:{"activity":"Transaction commit process...","activityID":"eda00637-4248-451b-a5de-d423328f1dc6","data":null}[36m]
[36m[2023-10-17T22:28:43+07:00][INFO][Function][command[37m:"SVC-CREATE-COBA-SATU"[36m][details[37m:{"activity":"Create coba satu success","activityID":"eda00637-4248-451b-a5de-d423328f1dc6","data":null}[36m]
[36m[2023-10-17T22:28:43+07:00][INFO][Function][command[37m:"SVC-CREATE-COBA-DUA"[36m][details[37m:{"activity":"Create coba dua process...","activityID":"eda00637-4248-451b-a5de-d423328f1dc6","data":null}[36m]
[36m[2023-10-17T22:28:43+07:00][INFO][Function][command[37m:"REPO-SAVE-COBA-DUA"[36m][details[37m:{"activity":"Save coba dua process...","activityID":"eda00637-4248-451b-a5de-d423328f1dc6","data":null}[36m]
[36m[2023-10-17T22:28:43+07:00][INFO][Function][command[37m:"REPO-SAVE-COBA-DUA"[36m][details[37m:{"activity":"Save coba dua success","activityID":"eda00637-4248-451b-a5de-d423328f1dc6","data":null}[36m]
[36m[2023-10-17T22:28:43+07:00][INFO][Function][command[37m:"SVC-CREATE-COBA-DUA"[36m][details[37m:{"activity":"Create coba dua success","activityID":"eda00637-4248-451b-a5de-d423328f1dc6","data":null}[36m]
[31m[2023-10-17T22:28:43+07:00][ERROR][Function][command[37m:"UC-CREATE-COBA-AJA"[31m][details[37m:{"activity":"Error create","activityID":"eda00637-4248-451b-a5de-d423328f1dc6","data":"[iseng]"}[31m]
[33m[2023-10-17T22:28:43+07:00][WARNING][Function][command[37m:"REPO-BEGIN-TRANSACTION"[33m][details[37m:{"activity":"Transaction rollback process...","activityID":"eda00637-4248-451b-a5de-d423328f1dc6","data":"[iseng]"}[33m]
[33m[2023-10-17T22:28:43+07:00][WARNING][Function][command[37m:"REPO-BEGIN-TRANSACTION"[33m][details[37m:{"activity":"Transaction rollback success","activityID":"eda00637-4248-451b-a5de-d423328f1dc6","data":"[\u003cnil\u003e]"}[33m]
[36m[2023-10-17T22:28:43+07:00][INFO][Function][command[37m:"UC-CREATE-COBA-AJA"[36m][details[37m:{"activity":"Create coba aja success","activityID":"eda00637-4248-451b-a5de-d423328f1dc6","data":null}[36m]
